2018-01-15 12:34:16	CommandMon Logfile Created.
2018-01-15 12:34:16	All GPSDOs disconnected.
2018-01-15 12:34:18	/dev/ttyUSB0 serial object created.
2018-01-15 12:34:18	GPS 1 is Connected
2018-01-15 12:34:20	40404764FFDC0D0A
2018-01-15 12:34:30	Position Saved
2018-01-15 12:34:42	Position Saved
2018-01-15 12:34:42	Position Hold Parameters Updated
2018-01-15 12:34:42	LATITUDE : -33.9585
2018-01-15 12:34:42	LONGITUDE : 18.4599
2018-01-15 12:34:42	HEIGHT :  m
2018-01-15 12:35:40	Position Saved
2018-01-15 12:35:40	Position Hold Parameters Updated
2018-01-15 12:35:40	LATITUDE : -33.9585
2018-01-15 12:35:40	LONGITUDE : 18.4599
2018-01-15 12:35:40	HEIGHT :  m
2018-01-15 12:38:08	Position Saved
2018-01-15 12:38:10	Position Saved
2018-01-15 12:38:10	Position Hold Parameters Updated
2018-01-15 12:38:10	LATITUDE : -33.9585
2018-01-15 12:38:10	LONGITUDE : 18.4599
2018-01-15 12:38:10	HEIGHT :  m
2018-01-15 12:40:17	Position Saved
2018-01-15 12:40:26	Position Saved
2018-01-15 12:40:26	Position Hold Parameters Updated
2018-01-15 12:40:26	LATITUDE : -33.9585
2018-01-15 12:40:26	LONGITUDE : 18.4599
2018-01-15 12:40:26	HEIGHT : 172.32 m
2018-01-15 12:42:17	Position Saved
2018-01-15 12:42:18	Position Saved
2018-01-15 12:42:18	Position Hold Parameters Updated
2018-01-15 12:42:18	LATITUDE : -33.9585
2018-01-15 12:42:18	LONGITUDE : 18.4599
2018-01-15 12:42:18	HEIGHT : 172.32 m
2018-01-15 12:43:44	Position Saved
2018-01-15 12:43:44	Position Saved
2018-01-15 12:43:44	Position Hold Parameters Updated
2018-01-15 12:43:44	LATITUDE : -33.9585
2018-01-15 12:43:44	LONGITUDE : 18.4599
2018-01-15 12:43:44	HEIGHT : 172.32 m
2018-01-15 12:43:58	Position Saved
2018-01-15 12:43:58	Position Saved
2018-01-15 12:43:58	Position Hold Parameters Updated
2018-01-15 12:43:58	LATITUDE : -33.9585
2018-01-15 12:43:58	LONGITUDE : 18.4599
2018-01-15 12:43:58	HEIGHT : 172.32 m
2018-01-15 12:45:49	Position Saved
2018-01-15 12:45:50	Position Saved
2018-01-15 12:45:50	Position Hold Parameters Updated
2018-01-15 12:45:51	40404173F8B69B3103F608A500004350009D0D0A
2018-01-15 12:45:52	LATITUDE : -33.9585
2018-01-15 12:45:52	LONGITUDE : 18.4599
2018-01-15 12:45:52	HEIGHT : 172.32 m
2018-01-15 12:48:43	Position Saved
2018-01-15 12:48:43	Position Hold Parameters Updated
2018-01-15 12:48:43	HEX Written to GPS: 40404173F8B69B3103F608A500004350009D0D0A
2018-01-15 12:48:44	LATITUDE : -33.9585
2018-01-15 12:48:44	LONGITUDE : 18.4599
2018-01-15 12:48:44	HEIGHT : 172.32 m
2018-01-15 12:48:55	
2018-01-15 12:48:56	
2018-01-15 12:49:17	HEX Written to GPS: 4040476400230D0A
2018-01-15 12:49:18	Setting Position ...
2018-01-15 12:49:18	HEX Written to GPS: 40404173F8B69B3103F608A500004350009D0D0A
2018-01-15 12:49:19	HEX Written to GPS: 4040476401220D0A
2018-01-15 12:49:20	Enabling TRAIM ...
2018-01-15 12:49:20	HEX Written to GPS: 404047660005240D0A
2018-01-15 12:49:21	HEX Written to GPS: 4040476501230D0A
2018-01-15 12:49:22	HEX Written to GPS: 4040486E01270D0A
2018-01-15 12:49:23	HEX Written to GPS: 4040417A000000645F0D0A
2018-01-15 12:49:24	Position Saved
2018-01-15 12:49:31	
2018-01-15 12:49:31	
2018-01-15 12:49:50	/dev/ttyUSB1 serial object created.
2018-01-15 12:49:50	GPSDO1 connected to /dev/ttyUSB1: OK
2018-01-15 12:49:55	Software defined PLL filter activated (GPSDO1).
2018-01-15 12:49:55	GPSDO1: Outlier detection turned off
2018-01-15 12:50:26	GPSDO1 armed for 13:00:00
2018-01-15 12:50:26	Waiting for Arm
2018-01-15 12:50:26	GPSDO1 armed for 13:00:00
2018-01-15 12:50:26	Waiting for Arm
2018-01-15 12:50:26	GPSDO1 armed for 13:00:00
2018-01-15 12:50:43	GPSDO1 armed for 12:52:00
2018-01-15 12:50:44	GPSDO1 armed for 12:52:00
2018-01-15 12:50:44	GPSDO1 armed for 12:52:00
2018-01-15 12:50:45	GPSDO1 armed for 12:52:00
2018-01-15 12:51:41	GPSDO1 phase-lock: OK
2018-01-15 12:51:41	SDF tau = 75 for GPSDO1
2018-01-15 12:52:01	GPSDO1 fired at 12:52:00
