2018-01-15 12:28:34	CommandMon Logfile Created.
2018-01-15 12:28:34	All GPSDOs disconnected.
2018-01-15 12:28:38	/dev/ttyUSB0 serial object created.
2018-01-15 12:28:38	GPS 1 is Connected
2018-01-15 12:28:40	No Bytes Available
2018-01-15 12:28:42	GPS disconnected from /dev/ttyUSB0: OK
2018-01-15 12:28:42	/dev/ttyUSB0 released.
2018-01-15 12:28:47	/dev/ttyUSB0 serial object created.
2018-01-15 12:28:47	GPS 1 is Connected
2018-01-15 12:28:50	40404764FFDC0D0A
2018-01-15 12:28:54	Buffer Read Issue. Toggle GPS Connect Button.
2018-01-15 12:29:06	4040476400230D0A
2018-01-15 12:29:06	Failed to read command!
2018-01-15 12:29:07	Setting Position ...
2018-01-15 12:29:07	40404173F8B69B3103F608A500004350009D0D0A
2018-01-15 12:29:08	4040476401220D0A
2018-01-15 12:29:09	Enabling TRAIM ...
2018-01-15 12:29:09	404047660005240D0A
2018-01-15 12:29:10	4040476501230D0A
2018-01-15 12:29:11	4040486E01270D0A
2018-01-15 12:29:12	4040417A000000645F0D0A
2018-01-15 12:29:13	Position Saved
2018-01-15 12:29:16	GPS disconnected from /dev/ttyUSB0: OK
2018-01-15 12:29:16	/dev/ttyUSB0 released.
2018-01-15 12:29:17	/dev/ttyUSB0 serial object created.
2018-01-15 12:29:17	GPS 1 is Connected
2018-01-15 12:29:19	40404764FFDC0D0A
2018-01-15 12:29:30	Position Saved
2018-01-15 12:29:37	Position Saved
2018-01-15 12:29:37	Position Hold Parameters Updated
2018-01-15 12:29:37	LATITUDE : -33.9585
2018-01-15 12:29:37	LONGITUDE : 18.4599
2018-01-15 12:29:37	HEIGHT :  m
2018-01-15 12:30:25	Position Saved
2018-01-15 12:30:26	Position Saved
2018-01-15 12:30:26	Position Hold Parameters Updated
2018-01-15 12:30:26	LATITUDE : -33.9585
2018-01-15 12:30:26	LONGITUDE : 18.4599
2018-01-15 12:30:26	HEIGHT :  m
