2018-01-15 10:49:03	CommandMon Logfile Created.
2018-01-15 10:49:03	All GPSDOs disconnected.
2018-01-15 10:49:11	/dev/ttyUSB0 serial object created.
2018-01-15 10:49:11	GPS 1 is Connected
2018-01-15 10:49:13	40404764FFDC0D0A
2018-01-15 10:49:18	Failed to read command!
2018-01-15 10:49:18	Buffer Read Issue. Toggle GPS Connect Button.
2018-01-15 10:49:31	GPS disconnected from /dev/ttyUSB0: OK
2018-01-15 10:49:31	/dev/ttyUSB0 released.
2018-01-15 10:49:32	/dev/ttyUSB0 serial object created.
2018-01-15 10:49:32	GPS 1 is Connected
2018-01-15 10:49:34	40404764FFDC0D0A
2018-01-15 10:49:46	Position Saved
2018-01-15 10:49:57	Position Saved
2018-01-15 10:49:57	Position Hold Parameters Updated
2018-01-15 10:49:57	40404173F8B69B3103F608A5008E0D0A
2018-01-15 10:49:58	LATITUDE : -33.9585
2018-01-15 10:49:58	LONGITUDE : 18.4599
2018-01-15 10:49:58	HEIGHT :  m
2018-01-15 10:51:57	Position Saved
2018-01-15 10:52:04	Position Saved
2018-01-15 10:52:04	Position Saved
2018-01-15 10:52:05	Position Saved
2018-01-15 10:52:06	
2018-01-15 10:52:06	
2018-01-15 10:52:06	Position Saved
2018-01-15 10:52:06	Position Hold Parameters Updated
2018-01-15 10:52:06	40404173F8B69B3103F608A5008E0D0A
2018-01-15 10:52:07	LATITUDE : -33.9585
2018-01-15 10:52:07	LONGITUDE : 18.4599
2018-01-15 10:52:07	HEIGHT :  m
2018-01-15 10:52:12	
2018-01-15 10:53:05	
2018-01-15 10:53:05	
2018-01-15 10:53:05	Position Saved
2018-01-15 10:53:05	Position Hold Parameters Updated
2018-01-15 10:53:05	40404173F8B69B3103F608A5008E0D0A
2018-01-15 10:53:06	LATITUDE : -33.9585
2018-01-15 10:53:06	LONGITUDE : 18.4599
2018-01-15 10:53:06	HEIGHT :  m
2018-01-15 10:59:46	GPS disconnected from /dev/ttyUSB0: OK
2018-01-15 10:59:46	/dev/ttyUSB0 released.
2018-01-15 11:00:03	/dev/ttyUSB0 serial object created.
2018-01-15 11:00:03	GPS 1 is Connected
2018-01-15 11:00:05	40404764FFDC0D0A
2018-01-15 11:00:09	Position Saved
2018-01-15 11:00:09	Failed to read command!
2018-01-15 11:00:09	Buffer Read Issue. Toggle GPS Connect Button.
2018-01-15 11:00:12	Position Saved
2018-01-15 11:00:25	Position Saved
